2022-12-28 12:46:56.966 [info] Added views:workbench.panel.markers.view in workbench.panel.markers
2022-12-28 12:46:56.966 [info] Added views:workbench.panel.output in workbench.panel.output
2022-12-28 12:46:56.966 [info] Added views:terminal in terminal
2022-12-28 12:46:56.966 [info] Added views:outline in workbench.view.explorer
2022-12-28 12:46:56.966 [info] Added views:workbench.scm in workbench.view.scm
2022-12-28 12:46:56.966 [info] Added views:workbench.view.search in workbench.view.search
2022-12-28 12:46:56.966 [info] Added views:timeline in workbench.view.explorer
2022-12-28 12:46:56.966 [info] Added views:workbench.explorer.emptyView in workbench.view.explorer
2022-12-28 12:46:59.884 [info] Added views:workbench.debug.welcome in workbench.view.debug
2022-12-28 12:47:03.569 [info] Added views:workbench.panel.repl.view in workbench.panel.repl
2022-12-28 12:48:02.802 [info] Added views:workbench.panel.markers.view in workbench.panel.markers
2022-12-28 12:48:02.802 [info] Added views:workbench.panel.output in workbench.panel.output
2022-12-28 12:48:02.802 [info] Added views:terminal in terminal
2022-12-28 12:48:02.802 [info] Added views:outline in workbench.view.explorer
2022-12-28 12:48:02.802 [info] Added views:workbench.scm in workbench.view.scm
2022-12-28 12:48:02.802 [info] Added views:workbench.view.search in workbench.view.search
2022-12-28 12:48:02.802 [info] Added views:timeline in workbench.view.explorer
2022-12-28 12:48:02.802 [info] Added views:workbench.explorer.fileView in workbench.view.explorer
2022-12-28 12:48:02.802 [info] Added views:workbench.debug.variablesView,workbench.debug.watchExpressionsView,workbench.debug.callStackView,workbench.debug.breakPointsView in workbench.view.debug
2022-12-28 12:48:05.906 [info] Added views:workbench.panel.repl.view in workbench.panel.repl
2022-12-28 12:48:05.910 [info] Removed views:workbench.debug.breakPointsView,workbench.debug.callStackView,workbench.debug.watchExpressionsView,workbench.debug.variablesView from workbench.view.debug
2022-12-28 12:48:05.914 [info] Added views:workbench.debug.welcome in workbench.view.debug
2022-12-28 12:48:11.378 [info] Added views:workbench.views.extensions.installed,workbench.views.extensions.popular,extensions.recommendedList in workbench.view.extensions
2022-12-28 12:48:11.382 [info] Removed views:workbench.views.extensions.popular from workbench.view.extensions
2022-12-28 12:48:12.070 [info] Removed views:extensions.recommendedList,workbench.views.extensions.installed from workbench.view.extensions
2022-12-28 12:48:12.134 [info] Added views:workbench.views.extensions.marketplace in workbench.view.extensions
