2022-12-28 12:47:02.945 [info] Extension host with pid 2075 started
2022-12-28 12:47:03.681 [info] ExtensionService#_doActivateExtension vscode.css-language-features, startup: false, activationEvent: 'onLanguage:css'
2022-12-28 12:47:03.682 [info] ExtensionService#_doActivateExtension vscode.typescript-language-features, startup: false, activationEvent: 'onLanguage:javascript'
2022-12-28 12:47:03.682 [info] ExtensionService#_doActivateExtension vscode.configuration-editing, startup: false, activationEvent: 'onLanguage:json'
2022-12-28 12:47:03.682 [info] ExtensionService#_doActivateExtension vscode.extension-editing, startup: false, activationEvent: 'onLanguage:json'
2022-12-28 12:47:03.683 [info] ExtensionService#_doActivateExtension vscode.json-language-features, startup: false, activationEvent: 'onLanguage:json'
2022-12-28 12:47:03.683 [info] ExtensionService#_doActivateExtension vscode.npm, startup: false, activationEvent: 'onLanguage:json'
2022-12-28 12:47:03.684 [info] ExtensionService#_doActivateExtension vscode.html-language-features, startup: false, activationEvent: 'onLanguage:html'
2022-12-28 12:47:03.685 [info] ExtensionService#_doActivateExtension vscode.git-base, startup: true, activationEvent: '*', root cause: vscode.git
2022-12-28 12:47:06.773 [info] ExtensionService#_doActivateExtension vscode.git, startup: true, activationEvent: '*'
2022-12-28 12:47:06.774 [info] ExtensionService#_doActivateExtension vscode.github, startup: true, activationEvent: '*'
2022-12-28 12:47:07.388 [info] Eager extensions activated
2022-12-28 12:47:07.630 [info] ExtensionService#_doActivateExtension vscode.debug-auto-launch, startup: false, activationEvent: 'onStartupFinished'
2022-12-28 12:47:07.631 [info] ExtensionService#_doActivateExtension vscode.emmet, startup: false, activationEvent: 'onStartupFinished'
2022-12-28 12:47:07.631 [info] ExtensionService#_doActivateExtension vscode.merge-conflict, startup: false, activationEvent: 'onStartupFinished'
2022-12-28 12:47:59.952 [info] Extension host terminating: received terminate message from renderer
2022-12-28 12:48:00.074 [info] Extension host with pid 2075 exiting with code 0
2022-12-28 12:48:05.550 [info] Extension host with pid 2252 started
2022-12-28 12:48:05.550 [info] Skipping acquiring lock for /home/tithuthur/.config/Code - OSS/User/workspaceStorage/cf6bf616ea8287910b918b7d07246010.
2022-12-28 12:48:05.981 [info] ExtensionService#_doActivateExtension vscode.git-base, startup: true, activationEvent: '*'
2022-12-28 12:48:06.041 [info] ExtensionService#_doActivateExtension vscode.github, startup: true, activationEvent: '*'
2022-12-28 12:48:06.100 [info] Eager extensions activated
2022-12-28 12:48:06.146 [info] ExtensionService#_doActivateExtension vscode.debug-auto-launch, startup: false, activationEvent: 'onStartupFinished'
2022-12-28 12:48:06.146 [info] ExtensionService#_doActivateExtension vscode.emmet, startup: false, activationEvent: 'onStartupFinished'
2022-12-28 12:48:06.146 [info] ExtensionService#_doActivateExtension vscode.merge-conflict, startup: false, activationEvent: 'onStartupFinished'
2022-12-28 12:48:08.158 [info] ExtensionService#_doActivateExtension vscode.git, startup: false, activationEvent: 'api', root cause: vscode.github
2022-12-28 12:48:15.755 [info] Extension host terminating: received terminate message from renderer
2022-12-28 12:48:15.774 [info] Extension host with pid 2252 exiting with code 0
